<?xml version="1.0" encoding="UTF-8"?>
<testsuite name="chessLib.PositionTest" tests="1" skipped="0" failures="0" errors="0" timestamp="2025-04-18T11:32:53" hostname="MacBook-Air-200.local" time="0.0">
  <properties/>
  <testcase name="PositionLocationTest()" classname="chessLib.PositionTest" time="0.0"/>
  <system-out><![CDATA[]]></system-out>
  <system-err><![CDATA[]]></system-err>
</testsuite>
