<?xml version="1.0" encoding="UTF-8"?>
<testsuite name="chessLib.KnightTest" tests="4" skipped="0" failures="0" errors="0" timestamp="2025-04-18T11:32:53" hostname="MacBook-Air-200.local" time="0.001">
  <properties/>
  <testcase name="KnightMoveFromInsideBoard()" classname="chessLib.KnightTest" time="0.0"/>
  <testcase name="KnightMoveToOccupiedPosition()" classname="chessLib.KnightTest" time="0.0"/>
  <testcase name="KnightMoveFromCorner()" classname="chessLib.KnightTest" time="0.001"/>
  <testcase name="KnightMoveFromEdge()" classname="chessLib.KnightTest" time="0.0"/>
  <system-out><![CDATA[]]></system-out>
  <system-err><![CDATA[]]></system-err>
</testsuite>
