<?xml version="1.0" encoding="UTF-8"?>
<testsuite name="chessLib.QueenTest" tests="4" skipped="0" failures="0" errors="0" timestamp="2025-04-18T11:32:53" hostname="MacBook-Air-200.local" time="0.002">
  <properties/>
  <testcase name="BishopMoveFromEdge()" classname="chessLib.QueenTest" time="0.001"/>
  <testcase name="BishopMoveFromCorner()" classname="chessLib.QueenTest" time="0.0"/>
  <testcase name="BishopMoveToOccupiedPosition()" classname="chessLib.QueenTest" time="0.001"/>
  <testcase name="BishopMoveFromInsideBoard()" classname="chessLib.QueenTest" time="0.0"/>
  <system-out><![CDATA[]]></system-out>
  <system-err><![CDATA[]]></system-err>
</testsuite>
